2026-05-22 01:07:18,288 INFO o.a.j.u.JMeterUtils: Setting Locale to en_EN
2026-05-22 01:07:18,295 INFO o.a.j.JMeter: Loading user properties from: /opt/homebrew/Cellar/jmeter/5.6.3/libexec/bin/user.properties
2026-05-22 01:07:18,295 INFO o.a.j.JMeter: Loading system properties from: /opt/homebrew/Cellar/jmeter/5.6.3/libexec/bin/system.properties
2026-05-22 01:07:18,295 INFO o.a.j.JMeter: Setting System property: https.protocols=TLSv1.2
2026-05-22 01:07:18,296 INFO o.a.j.JMeter: Copyright (c) 1998-2024 The Apache Software Foundation
2026-05-22 01:07:18,297 INFO o.a.j.JMeter: Version 5.6.3
2026-05-22 01:07:18,297 INFO o.a.j.JMeter: java.version=21.0.11
2026-05-22 01:07:18,297 INFO o.a.j.JMeter: java.vm.name=OpenJDK 64-Bit Server VM
2026-05-22 01:07:18,297 INFO o.a.j.JMeter: os.name=Mac OS X
2026-05-22 01:07:18,297 INFO o.a.j.JMeter: os.arch=aarch64
2026-05-22 01:07:18,297 INFO o.a.j.JMeter: os.version=26.2
2026-05-22 01:07:18,297 INFO o.a.j.JMeter: file.encoding=UTF-8
2026-05-22 01:07:18,297 INFO o.a.j.JMeter: java.awt.headless=true
2026-05-22 01:07:18,297 INFO o.a.j.JMeter: Max memory     =1073741824
2026-05-22 01:07:18,297 INFO o.a.j.JMeter: Available Processors =14
2026-05-22 01:07:18,300 INFO o.a.j.JMeter: Default Locale=English (EN)
2026-05-22 01:07:18,300 INFO o.a.j.JMeter: JMeter  Locale=English (EN)
2026-05-22 01:07:18,300 INFO o.a.j.JMeter: JMeterHome=/opt/homebrew/Cellar/jmeter/5.6.3/libexec
2026-05-22 01:07:18,300 INFO o.a.j.JMeter: user.dir  =/Users/khojimurod/Desktop/test/Food Store
2026-05-22 01:07:18,300 INFO o.a.j.JMeter: PWD       =/Users/khojimurod/Desktop/test/Food Store
2026-05-22 01:07:18,302 INFO o.a.j.JMeter: IP: 127.0.0.1 Name: Khojimurods-MacBook-Pro.local FullName: localhost
2026-05-22 01:07:18,306 INFO o.a.j.JMeter: Setting property 'jmeter.reportgenerator.outputdir' to:'/Users/khojimurod/Desktop/test/Food Store/jmeter/report'
2026-05-22 01:07:18,306 INFO o.a.j.s.FileServer: Default base='/Users/khojimurod/Desktop/test/Food Store'
2026-05-22 01:07:18,307 INFO o.a.j.s.FileServer: Set new base='/Users/khojimurod/Desktop/test/Food Store/jmeter'
2026-05-22 01:07:18,363 INFO o.a.j.s.SaveService: Testplan (JMX) version: 2.2. Testlog (JTL) version: 2.2
2026-05-22 01:07:18,373 INFO o.a.j.s.SaveService: Using SaveService properties version 5.0
2026-05-22 01:07:18,374 INFO o.a.j.s.SaveService: Using SaveService properties file encoding UTF-8
2026-05-22 01:07:18,375 INFO o.a.j.s.SaveService: Loading file: jmeter/foodstore_test.jmx
2026-05-22 01:07:18,391 INFO o.a.j.p.h.s.HTTPSamplerBase: Parser for text/html is org.apache.jmeter.protocol.http.parser.LagartoBasedHtmlParser
2026-05-22 01:07:18,391 INFO o.a.j.p.h.s.HTTPSamplerBase: Parser for application/xhtml+xml is org.apache.jmeter.protocol.http.parser.LagartoBasedHtmlParser
2026-05-22 01:07:18,391 INFO o.a.j.p.h.s.HTTPSamplerBase: Parser for application/xml is org.apache.jmeter.protocol.http.parser.LagartoBasedHtmlParser
2026-05-22 01:07:18,391 INFO o.a.j.p.h.s.HTTPSamplerBase: Parser for text/xml is org.apache.jmeter.protocol.http.parser.LagartoBasedHtmlParser
2026-05-22 01:07:18,391 INFO o.a.j.p.h.s.HTTPSamplerBase: Parser for text/vnd.wap.wml is org.apache.jmeter.protocol.http.parser.RegexpHTMLParser
2026-05-22 01:07:18,391 INFO o.a.j.p.h.s.HTTPSamplerBase: Parser for text/css is org.apache.jmeter.protocol.http.parser.CssParser
2026-05-22 01:07:18,393 INFO o.a.j.JMeter: Creating summariser <summary>
2026-05-22 01:07:18,398 INFO o.a.j.r.d.ReportGenerator: ReportGenerator will use for Parsing the separator: ','
2026-05-22 01:07:18,398 INFO o.a.j.r.d.ReportGenerator: Will generate report at end of test from  results file: jmeter/results3.jtl
2026-05-22 01:07:18,398 INFO o.a.j.r.d.ReportGenerator: Reading report generator properties from: /opt/homebrew/Cellar/jmeter/5.6.3/libexec/bin/reportgenerator.properties
2026-05-22 01:07:18,398 INFO o.a.j.r.d.ReportGenerator: Merging with JMeter properties
2026-05-22 01:07:18,399 INFO o.a.j.r.c.ReportGeneratorConfiguration: Property 'jmeter.reportgenerator.temp_dir' not found, using default value 'temp' instead.
2026-05-22 01:07:18,400 INFO o.a.j.r.c.ReportGeneratorConfiguration: Property 'jmeter.reportgenerator.apdex_per_transaction' not found, using default value 'null' instead.
2026-05-22 01:07:18,400 INFO o.a.j.r.c.ReportGeneratorConfiguration: apdex_per_transaction is empty, not APDEX per transaction customization
2026-05-22 01:07:18,400 INFO o.a.j.r.c.ReportGeneratorConfiguration: Property 'jmeter.reportgenerator.sample_filter' not found, using default value 'null' instead.
2026-05-22 01:07:18,400 INFO o.a.j.r.c.ReportGeneratorConfiguration: Property 'jmeter.reportgenerator.report_title' not found, using default value 'null' instead.
2026-05-22 01:07:18,400 INFO o.a.j.r.c.ReportGeneratorConfiguration: Property 'jmeter.reportgenerator.start_date' not found, using default value 'null' instead.
2026-05-22 01:07:18,400 INFO o.a.j.r.c.ReportGeneratorConfiguration: Property 'jmeter.reportgenerator.end_date' not found, using default value 'null' instead.
2026-05-22 01:07:18,400 INFO o.a.j.r.c.ReportGeneratorConfiguration: Property 'jmeter.reportgenerator.date_format' not found, using default value 'null' instead.
2026-05-22 01:07:18,400 INFO o.a.j.r.c.ReportGeneratorConfiguration: Will use date range start date: null, end date: null
2026-05-22 01:07:18,402 INFO o.a.j.r.c.ReportGeneratorConfiguration: Property 'jmeter.reportgenerator.graph.totalTPS.exclude_controllers' not found, using default value 'false' instead.
2026-05-22 01:07:18,402 INFO o.a.j.r.c.ReportGeneratorConfiguration: Property 'jmeter.reportgenerator.graph.activeThreadsOverTime.exclude_controllers' not found, using default value 'false' instead.
2026-05-22 01:07:18,402 INFO o.a.j.r.c.ReportGeneratorConfiguration: Property 'jmeter.reportgenerator.graph.timeVsThreads.exclude_controllers' not found, using default value 'false' instead.
2026-05-22 01:07:18,402 INFO o.a.j.r.c.ReportGeneratorConfiguration: Property 'jmeter.reportgenerator.graph.responseTimeDistribution.exclude_controllers' not found, using default value 'false' instead.
2026-05-22 01:07:18,402 INFO o.a.j.r.c.ReportGeneratorConfiguration: Property 'jmeter.reportgenerator.graph.transactionsPerSecond.exclude_controllers' not found, using default value 'false' instead.
2026-05-22 01:07:18,402 INFO o.a.j.r.c.ReportGeneratorConfiguration: Property 'jmeter.reportgenerator.graph.responseTimePercentiles.exclude_controllers' not found, using default value 'false' instead.
2026-05-22 01:07:18,402 INFO o.a.j.r.c.ReportGeneratorConfiguration: Property 'jmeter.reportgenerator.graph.responseTimePercentilesOverTime.exclude_controllers' not found, using default value 'false' instead.
2026-05-22 01:07:18,402 INFO o.a.j.r.c.ReportGeneratorConfiguration: Property 'jmeter.reportgenerator.graph.responseTimesOverTime.exclude_controllers' not found, using default value 'false' instead.
2026-05-22 01:07:18,402 INFO o.a.j.r.c.ReportGeneratorConfiguration: Property 'jmeter.reportgenerator.graph.connectTimeOverTime.exclude_controllers' not found, using default value 'false' instead.
2026-05-22 01:07:18,402 INFO o.a.j.r.c.ReportGeneratorConfiguration: Property 'jmeter.reportgenerator.graph.latenciesOverTime.exclude_controllers' not found, using default value 'false' instead.
2026-05-22 01:07:18,403 INFO o.a.j.r.c.ReportGeneratorConfiguration: Property 'jmeter.reportgenerator.exporter.json.filters_only_sample_series' not found, using default value 'true' instead.
2026-05-22 01:07:18,403 INFO o.a.j.r.c.ReportGeneratorConfiguration: Property 'jmeter.reportgenerator.exporter.json.series_filter' not found, using default value '' instead.
2026-05-22 01:07:18,403 INFO o.a.j.r.c.ReportGeneratorConfiguration: Property 'jmeter.reportgenerator.exporter.json.show_controllers_only' not found, using default value 'false' instead.
2026-05-22 01:07:18,403 INFO o.a.j.r.c.ReportGeneratorConfiguration: Property 'jmeter.reportgenerator.exporter.html.filters_only_sample_series' not found, using default value 'true' instead.
2026-05-22 01:07:18,403 INFO o.a.j.r.c.ReportGeneratorConfiguration: Property 'jmeter.reportgenerator.exporter.html.series_filter' not found, using default value '' instead.
2026-05-22 01:07:18,403 INFO o.a.j.r.c.ReportGeneratorConfiguration: Property 'jmeter.reportgenerator.exporter.html.show_controllers_only' not found, using default value 'false' instead.
2026-05-22 01:07:18,406 INFO o.a.j.e.StandardJMeterEngine: Running the test!
2026-05-22 01:07:18,407 INFO o.a.j.s.SampleEvent: List of sample_variables: []
2026-05-22 01:07:18,407 INFO o.a.j.s.SampleEvent: List of sample_variables: []
2026-05-22 01:07:18,408 INFO o.a.j.e.u.CompoundVariable: Note: Function class names must contain the string: '.functions.'
2026-05-22 01:07:18,408 INFO o.a.j.e.u.CompoundVariable: Note: Function class names must not contain the string: '.gui.'
2026-05-22 01:07:18,423 INFO o.a.j.r.ClassFinder: Will scan jar /opt/homebrew/Cellar/jmeter/5.6.3/libexec/lib/ext/jmeter-plugins-manager-1.9.jar with filter ExtendsClassFilter [parents=[interface org.apache.jmeter.functions.Function], inner=false, contains=null, notContains=null]. Consider exposing JMeter plugins via META-INF/services, and add JMeter-Skip-Class-Scanning=true manifest attribute so JMeter can skip classfile scanning
2026-05-22 01:07:18,453 INFO o.a.j.JMeter: Running test (1779404838452)
2026-05-22 01:07:18,459 INFO o.a.j.e.StandardJMeterEngine: Starting ThreadGroup: 1 : Users
2026-05-22 01:07:18,459 INFO o.a.j.e.StandardJMeterEngine: Starting 10 threads for group Users.
2026-05-22 01:07:18,459 INFO o.a.j.e.StandardJMeterEngine: Thread will continue on error
2026-05-22 01:07:18,459 INFO o.a.j.t.ThreadGroup: Starting thread group... number=1 threads=10 ramp-up=5 delayedStart=false
2026-05-22 01:07:18,461 INFO o.a.j.t.JMeterThread: Thread started: Users 1-1
2026-05-22 01:07:18,461 INFO o.a.j.t.ThreadGroup: Started thread group number 1
2026-05-22 01:07:18,461 INFO o.a.j.e.StandardJMeterEngine: All thread groups have been started
2026-05-22 01:07:18,466 INFO o.a.j.p.h.s.HTTPHCAbstractImpl: Local host = Khojimurods-MacBook-Pro.local
2026-05-22 01:07:18,467 INFO o.a.j.p.h.s.HTTPHC4Impl: HTTP request retry count = 0
2026-05-22 01:07:18,468 INFO o.a.j.s.SampleResult: Note: Sample TimeStamps are START times
2026-05-22 01:07:18,468 INFO o.a.j.s.SampleResult: sampleresult.default.encoding is set to UTF-8
2026-05-22 01:07:18,468 INFO o.a.j.s.SampleResult: sampleresult.useNanoTime=true
2026-05-22 01:07:18,468 INFO o.a.j.s.SampleResult: sampleresult.nanoThreadSleep=5000
2026-05-22 01:07:18,494 INFO o.a.j.p.h.s.h.LazyLayeredConnectionSocketFactory: Setting up HTTPS TrustAll Socket Factory
2026-05-22 01:07:18,495 INFO o.a.j.u.JsseSSLManager: Using default SSL protocol: TLS
2026-05-22 01:07:18,495 INFO o.a.j.u.JsseSSLManager: SSL session context: per-thread
2026-05-22 01:07:18,578 INFO o.a.j.u.SSLManager: JmeterKeyStore Location:  type JKS
2026-05-22 01:07:18,579 INFO o.a.j.u.SSLManager: KeyStore created OK
2026-05-22 01:07:18,579 WARN o.a.j.u.SSLManager: Keystore file not found, loading empty keystore
2026-05-22 01:07:18,964 INFO o.a.j.t.JMeterThread: Thread started: Users 1-2
2026-05-22 01:07:19,328 INFO o.a.j.t.JMeterThread: Thread is done: Users 1-1
2026-05-22 01:07:19,328 INFO o.a.j.t.JMeterThread: Thread finished: Users 1-1
2026-05-22 01:07:19,465 INFO o.a.j.t.JMeterThread: Thread started: Users 1-3
2026-05-22 01:07:19,942 INFO o.a.j.t.JMeterThread: Thread is done: Users 1-2
2026-05-22 01:07:19,942 INFO o.a.j.t.JMeterThread: Thread finished: Users 1-2
2026-05-22 01:07:19,966 INFO o.a.j.t.JMeterThread: Thread started: Users 1-4
2026-05-22 01:07:20,242 INFO o.a.j.t.JMeterThread: Thread is done: Users 1-3
2026-05-22 01:07:20,242 INFO o.a.j.t.JMeterThread: Thread finished: Users 1-3
2026-05-22 01:07:20,465 INFO o.a.j.t.JMeterThread: Thread started: Users 1-5
2026-05-22 01:07:20,761 INFO o.a.j.t.JMeterThread: Thread is done: Users 1-4
2026-05-22 01:07:20,762 INFO o.a.j.t.JMeterThread: Thread finished: Users 1-4
2026-05-22 01:07:20,963 INFO o.a.j.t.JMeterThread: Thread started: Users 1-6
2026-05-22 01:07:21,314 INFO o.a.j.t.JMeterThread: Thread is done: Users 1-5
2026-05-22 01:07:21,315 INFO o.a.j.t.JMeterThread: Thread finished: Users 1-5
2026-05-22 01:07:21,464 INFO o.a.j.t.JMeterThread: Thread started: Users 1-7
2026-05-22 01:07:21,718 INFO o.a.j.t.JMeterThread: Thread is done: Users 1-6
2026-05-22 01:07:21,718 INFO o.a.j.t.JMeterThread: Thread finished: Users 1-6
2026-05-22 01:07:21,964 INFO o.a.j.t.JMeterThread: Thread started: Users 1-8
2026-05-22 01:07:22,325 INFO o.a.j.t.JMeterThread: Thread is done: Users 1-7
2026-05-22 01:07:22,325 INFO o.a.j.t.JMeterThread: Thread finished: Users 1-7
2026-05-22 01:07:22,464 INFO o.a.j.t.JMeterThread: Thread started: Users 1-9
2026-05-22 01:07:22,843 INFO o.a.j.t.JMeterThread: Thread is done: Users 1-8
2026-05-22 01:07:22,843 INFO o.a.j.t.JMeterThread: Thread finished: Users 1-8
2026-05-22 01:07:22,964 INFO o.a.j.t.JMeterThread: Thread started: Users 1-10
2026-05-22 01:07:23,101 INFO o.a.j.t.JMeterThread: Thread is done: Users 1-9
2026-05-22 01:07:23,102 INFO o.a.j.t.JMeterThread: Thread finished: Users 1-9
2026-05-22 01:07:23,666 INFO o.a.j.t.JMeterThread: Thread is done: Users 1-10
2026-05-22 01:07:23,666 INFO o.a.j.t.JMeterThread: Thread finished: Users 1-10
2026-05-22 01:07:23,667 INFO o.a.j.e.StandardJMeterEngine: Notifying test listeners of end of test
2026-05-22 01:07:23,670 INFO o.a.j.r.Summariser: summary =     30 in 00:00:05 =    5.8/s Avg:   267 Min:   102 Max:   570 Err:     0 (0.00%)
2026-05-22 01:07:23,671 INFO o.a.j.JMeter: Generating Dashboard
2026-05-22 01:07:23,671 INFO o.a.j.r.d.ReportGenerator: Flushing result collector before report Generation
2026-05-22 01:07:23,683 INFO o.a.j.r.p.NormalizerSampleConsumer: Using format, 'ms', to parse timeStamp field
2026-05-22 01:07:23,712 INFO o.a.j.r.p.AbstractSampleConsumer: class org.apache.jmeter.report.processor.AggregateConsumer#stopProducing(): beginDate produced 0 samples
2026-05-22 01:07:23,712 INFO o.a.j.r.p.AbstractSampleConsumer: class org.apache.jmeter.report.processor.AggregateConsumer#stopProducing(): endDate produced 0 samples
2026-05-22 01:07:23,713 INFO o.a.j.r.p.AbstractSampleConsumer: class org.apache.jmeter.report.processor.ApdexSummaryConsumer#stopProducing(): apdexSummary produced 0 samples
2026-05-22 01:07:23,713 INFO o.a.j.r.p.AbstractSampleConsumer: class org.apache.jmeter.report.processor.RequestsSummaryConsumer#stopProducing(): requestsSummary produced 0 samples
2026-05-22 01:07:23,714 INFO o.a.j.r.p.AbstractSampleConsumer: class org.apache.jmeter.report.processor.StatisticsSummaryConsumer#stopProducing(): statisticsSummary produced 0 samples
2026-05-22 01:07:23,715 INFO o.a.j.r.p.AbstractSampleConsumer: class org.apache.jmeter.report.processor.Top5ErrorsBySamplerConsumer#stopProducing(): top5ErrorsBySampler produced 0 samples
2026-05-22 01:07:23,715 INFO o.a.j.r.p.AbstractSampleConsumer: class org.apache.jmeter.report.processor.ErrorsSummaryConsumer#stopProducing(): errorsSummary produced 0 samples
2026-05-22 01:07:23,715 INFO o.a.j.r.p.AbstractSampleConsumer: class org.apache.jmeter.report.processor.graph.impl.HitsPerSecondGraphConsumer#stopProducing(): hitsPerSecond produced 0 samples
2026-05-22 01:07:23,722 INFO o.a.j.r.p.AbstractSampleConsumer: class org.apache.jmeter.report.processor.graph.impl.LatencyVSRequestGraphConsumer#stopProducing(): latencyVsRequest produced 0 samples
2026-05-22 01:07:23,722 INFO o.a.j.r.p.AbstractSampleConsumer: class org.apache.jmeter.report.processor.graph.impl.SyntheticResponseTimeDistributionGraphConsumer#stopProducing(): syntheticResponseTimeDistribution produced 0 samples
2026-05-22 01:07:23,722 INFO o.a.j.r.p.AbstractSampleConsumer: class org.apache.jmeter.report.processor.graph.impl.BytesThroughputGraphConsumer#stopProducing(): bytesThroughputOverTime produced 0 samples
2026-05-22 01:07:23,722 INFO o.a.j.r.p.AbstractSampleConsumer: class org.apache.jmeter.report.processor.graph.impl.CodesPerSecondGraphConsumer#stopProducing(): codesPerSecond produced 0 samples
2026-05-22 01:07:23,723 INFO o.a.j.r.p.AbstractSampleConsumer: class org.apache.jmeter.report.processor.graph.impl.ResponseTimeVSRequestGraphConsumer#stopProducing(): responseTimeVsRequest produced 0 samples
2026-05-22 01:07:23,723 INFO o.a.j.r.p.AbstractSampleConsumer: class org.apache.jmeter.report.processor.FilterConsumer#stopProducing(): startIntervalControlerFilter produced 210 samples
2026-05-22 01:07:23,723 INFO o.a.j.r.p.AbstractSampleConsumer: class org.apache.jmeter.report.processor.graph.impl.TotalTPSGraphConsumer#stopProducing(): totalTPS produced 0 samples
2026-05-22 01:07:23,723 INFO o.a.j.r.p.AbstractSampleConsumer: class org.apache.jmeter.report.processor.graph.impl.ActiveThreadsGraphConsumer#stopProducing(): activeThreadsOverTime produced 0 samples
2026-05-22 01:07:23,723 INFO o.a.j.r.p.AbstractSampleConsumer: class org.apache.jmeter.report.processor.graph.impl.TimeVSThreadGraphConsumer#stopProducing(): timeVsThreads produced 0 samples
2026-05-22 01:07:23,723 INFO o.a.j.r.p.AbstractSampleConsumer: class org.apache.jmeter.report.processor.graph.impl.ResponseTimeDistributionGraphConsumer#stopProducing(): responseTimeDistribution produced 0 samples
2026-05-22 01:07:23,723 INFO o.a.j.r.p.AbstractSampleConsumer: class org.apache.jmeter.report.processor.graph.impl.TransactionsPerSecondGraphConsumer#stopProducing(): transactionsPerSecond produced 0 samples
2026-05-22 01:07:23,723 INFO o.a.j.r.p.AbstractSampleConsumer: class org.apache.jmeter.report.processor.graph.impl.ResponseTimePercentilesGraphConsumer#stopProducing(): responseTimePercentiles produced 0 samples
2026-05-22 01:07:23,724 INFO o.a.j.r.p.AbstractSampleConsumer: class org.apache.jmeter.report.processor.graph.impl.ResponseTimePercentilesOverTimeGraphConsumer#stopProducing(): responseTimePercentilesOverTime produced 0 samples
2026-05-22 01:07:23,724 INFO o.a.j.r.p.AbstractSampleConsumer: class org.apache.jmeter.report.processor.graph.impl.ResponseTimeOverTimeGraphConsumer#stopProducing(): responseTimesOverTime produced 0 samples
2026-05-22 01:07:23,724 INFO o.a.j.r.p.AbstractSampleConsumer: class org.apache.jmeter.report.processor.graph.impl.ConnectTimeOverTimeGraphConsumer#stopProducing(): connectTimeOverTime produced 0 samples
2026-05-22 01:07:23,724 INFO o.a.j.r.p.AbstractSampleConsumer: class org.apache.jmeter.report.processor.graph.impl.LatencyOverTimeGraphConsumer#stopProducing(): latenciesOverTime produced 0 samples
2026-05-22 01:07:23,724 INFO o.a.j.r.p.AbstractSampleConsumer: class org.apache.jmeter.report.processor.FilterConsumer#stopProducing(): nameFilter produced 450 samples
2026-05-22 01:07:23,724 INFO o.a.j.r.p.AbstractSampleConsumer: class org.apache.jmeter.report.processor.FilterConsumer#stopProducing(): dateRangeFilter produced 90 samples
2026-05-22 01:07:23,724 INFO o.a.j.r.p.AbstractSampleConsumer: class org.apache.jmeter.report.processor.NormalizerSampleConsumer#stopProducing(): normalizer produced 30 samples
2026-05-22 01:07:23,724 INFO o.a.j.r.p.CsvFileSampleSource: produce(): 30 samples produced in 29ms on channel 0
2026-05-22 01:07:23,724 INFO o.a.j.r.d.ReportGenerator: Exporting data using exporter:'json' of className:'org.apache.jmeter.report.dashboard.JsonExporter'
2026-05-22 01:07:23,752 INFO o.a.j.r.d.JsonExporter: Found data for consumer statisticsSummary in context
2026-05-22 01:07:23,752 INFO o.a.j.r.d.JsonExporter: Creating statistics for overall
2026-05-22 01:07:23,752 INFO o.a.j.r.d.JsonExporter: Creating statistics for other transactions
2026-05-22 01:07:23,753 INFO o.a.j.r.d.JsonExporter: Checking output folder
2026-05-22 01:07:23,753 INFO o.a.j.r.d.JsonExporter: Writing statistics JSON to /Users/khojimurod/Desktop/test/Food Store/jmeter/report/statistics.json
2026-05-22 01:07:23,766 INFO o.a.j.r.d.ReportGenerator: Exporting data using exporter:'html' of className:'org.apache.jmeter.report.dashboard.HtmlTemplateExporter'
2026-05-22 01:07:23,767 INFO o.a.j.r.d.HtmlTemplateExporter: Will generate dashboard in folder: /Users/khojimurod/Desktop/test/Food Store/jmeter/report
2026-05-22 01:07:23,801 INFO o.a.j.r.d.HtmlTemplateExporter: Report will be generated in: /Users/khojimurod/Desktop/test/Food Store/jmeter/report, creating folder structure
2026-05-22 01:07:23,801 INFO o.a.j.r.d.TemplateVisitor: Copying folder from '/opt/homebrew/Cellar/jmeter/5.6.3/libexec/bin/report-template' to '/Users/khojimurod/Desktop/test/Food Store/jmeter/report', got message: /Users/khojimurod/Desktop/test/Food Store/jmeter/report, found non empty folder with following content [/Users/khojimurod/Desktop/test/Food Store/jmeter/report/statistics.json], will be ignored
2026-05-22 01:07:23,899 INFO o.a.j.JMeter: Dashboard generated
